<?xml version="1.0" encoding="UTF-8"?>
<testng-results ignored="0" total="1" passed="1" failed="0" skipped="0">
  <reporter-output>
  </reporter-output>
  <suite started-at="2022-08-30T23:23:40 IST" name="Default suite" finished-at="2022-08-30T23:24:19 IST" duration-ms="38420">
    <groups>
    </groups>
    <test started-at="2022-08-30T23:23:40 IST" name="Default test" finished-at="2022-08-30T23:24:19 IST" duration-ms="38420">
      <class name="com.frameworkcompany.scripts.Login_Logout">
        <test-method is-config="true" signature="generateReport()[pri:0, instance:com.frameworkcompany.scripts.Login_Logout@1dde4cb2]" started-at="2022-08-30T23:23:40 IST" name="generateReport" finished-at="2022-08-30T23:23:40 IST" duration-ms="180" status="PASS">
          <reporter-output>
          </reporter-output>
        </test-method> <!-- generateReport -->
        <test-method is-config="true" signature="beforeClass()[pri:0, instance:com.frameworkcompany.scripts.Login_Logout@1dde4cb2]" started-at="2022-08-30T23:23:40 IST" name="beforeClass" finished-at="2022-08-30T23:23:45 IST" duration-ms="4711" status="PASS">
          <reporter-output>
          </reporter-output>
        </test-method> <!-- beforeClass -->
        <test-method is-config="true" signature="methodName(java.lang.reflect.Method)[pri:0, instance:com.frameworkcompany.scripts.Login_Logout@1dde4cb2]" started-at="2022-08-30T23:23:45 IST" name="methodName" finished-at="2022-08-30T23:23:45 IST" duration-ms="14" status="PASS">
          <params>
            <param index="0">
              <value>
                <![CDATA[public void com.frameworkcompany.scripts.Login_Logout.Login_LogoutTestCase() throws java.lang.Exception]]>
              </value>
            </param>
          </params>
          <reporter-output>
          </reporter-output>
        </test-method> <!-- methodName -->
        <test-method signature="Login_LogoutTestCase()[pri:0, instance:com.frameworkcompany.scripts.Login_Logout@1dde4cb2]" started-at="2022-08-30T23:23:45 IST" name="Login_LogoutTestCase" finished-at="2022-08-30T23:24:18 IST" duration-ms="32582" status="PASS">
          <reporter-output>
          </reporter-output>
        </test-method> <!-- Login_LogoutTestCase -->
        <test-method is-config="true" signature="afterClass()[pri:0, instance:com.frameworkcompany.scripts.Login_Logout@1dde4cb2]" started-at="2022-08-30T23:24:18 IST" name="afterClass" finished-at="2022-08-30T23:24:19 IST" duration-ms="866" status="PASS">
          <reporter-output>
          </reporter-output>
        </test-method> <!-- afterClass -->
      </class> <!-- com.frameworkcompany.scripts.Login_Logout -->
    </test> <!-- Default test -->
  </suite> <!-- Default suite -->
</testng-results>
